# JRE version: Java(TM) SE Runtime Environment (25.0+37) (build 25+37-LTS-3491)
# Java VM: Java HotSpot(TM) 64-Bit Server VM (25+37-LTS-3491, mixed mode, sharing, tiered, compressed oops, compressed class ptrs, g1 gc, windows-amd64)
GC Precious Log:
 CardTable entry size: 512
 Card Set container configuration: InlinePtr #cards 5 size 8 Array Of Cards #cards 10 size 36 Howl #buckets 4 coarsen threshold 1843 Howl Bitmap #cards 512 size 80 coarsen threshold 460 Card regions per heap region 1 cards per card region 2048
 CPUs: 16 total, 16 available
 Memory: 16202M
 Large Page Support: Disabled
 NUMA Support: Disabled
 Compressed Oops: Enabled (32-bit)
 Heap Region Size: 1M
 Heap Min Capacity: 256M
 Heap Initial Capacity: 256M
 Heap Max Capacity: 512M
 Pre-touch: Disabled
 Parallel Workers: 13
 Concurrent Workers: 3
 Concurrent Refinement Workers: 13
 Periodic GC: Disabled
Heap:
 garbage-first heap   total reserved 524288K, committed 304128K, used 187950K [0x00000000e0000000, 0x0000000100000000)
  region size 1024K, 34 young (34816K), 8 survivors (8192K)
GC Heap Usage History (20 events):
Event: 811.605 {heap Before GC invocations=39 (full 0):
 garbage-first heap   total reserved 524288K, committed 281600K, used 249703K [0x00000000e0000000, 0x0000000100000000)
  region size 1024K, 85 young (87040K), 13 survivors (13312K)
}
Event: 811.608 {heap After GC invocations=40 (full 0):
 garbage-first heap   total reserved 524288K, committed 281600K, used 169984K [0x00000000e0000000, 0x0000000100000000)
  region size 1024K, 4 young (4096K), 4 survivors (4096K)
}
Event: 811.796 {heap Before GC invocations=41 (full 0):
 garbage-first heap   total reserved 524288K, committed 283648K, used 253952K [0x00000000e0000000, 0x0000000100000000)
  region size 1024K, 86 young (88064K), 4 survivors (4096K)
}
Event: 811.801 {heap After GC invocations=42 (full 0):
 garbage-first heap   total reserved 524288K, committed 283648K, used 186288K [0x00000000e0000000, 0x0000000100000000)
  region size 1024K, 11 young (11264K), 11 survivors (11264K)
}
Event: 811.832 {heap Before GC invocations=42 (full 0):
 garbage-first heap   total reserved 524288K, committed 283648K, used 253872K [0x00000000e0000000, 0x0000000100000000)
  region size 1024K, 77 young (78848K), 11 survivors (11264K)
}
Event: 811.835 {heap After GC invocations=43 (full 0):
 garbage-first heap   total reserved 524288K, committed 283648K, used 177559K [0x00000000e0000000, 0x0000000100000000)
  region size 1024K, 3 young (3072K), 3 survivors (3072K)
}
Event: 811.967 {heap Before GC invocations=43 (full 0):
 garbage-first heap   total reserved 524288K, committed 283648K, used 255383K [0x00000000e0000000, 0x0000000100000000)
  region size 1024K, 79 young (80896K), 3 survivors (3072K)
}
Event: 811.972 {heap After GC invocations=44 (full 0):
 garbage-first heap   total reserved 524288K, committed 283648K, used 191488K [0x00000000e0000000, 0x0000000100000000)
  region size 1024K, 10 young (10240K), 10 survivors (10240K)
}
Event: 812.795 {heap Before GC invocations=45 (full 0):
 garbage-first heap   total reserved 524288K, committed 304128K, used 246784K [0x00000000e0000000, 0x0000000100000000)
  region size 1024K, 73 young (74752K), 10 survivors (10240K)
}
Event: 812.800 {heap After GC invocations=46 (full 0):
 garbage-first heap   total reserved 524288K, committed 304128K, used 189355K [0x00000000e0000000, 0x0000000100000000)
  region size 1024K, 7 young (7168K), 7 survivors (7168K)
}
Event: 814.313 {heap Before GC invocations=46 (full 0):
 garbage-first heap   total reserved 524288K, committed 304128K, used 270251K [0x00000000e0000000, 0x0000000100000000)
  region size 1024K, 87 young (89088K), 7 survivors (7168K)
}
Event: 814.316 {heap After GC invocations=47 (full 0):
 garbage-first heap   total reserved 524288K, committed 304128K, used 172750K [0x00000000e0000000, 0x0000000100000000)
  region size 1024K, 3 young (3072K), 3 survivors (3072K)
}
Event: 817.149 {heap Before GC invocations=47 (full 0):
 garbage-first heap   total reserved 524288K, committed 304128K, used 271054K [0x00000000e0000000, 0x0000000100000000)
  region size 1024K, 100 young (102400K), 3 survivors (3072K)
}
Event: 817.152 {heap After GC invocations=48 (full 0):
 garbage-first heap   total reserved 524288K, committed 304128K, used 177557K [0x00000000e0000000, 0x0000000100000000)
  region size 1024K, 8 young (8192K), 8 survivors (8192K)
}
Event: 819.090 {heap Before GC invocations=49 (full 0):
 garbage-first heap   total reserved 524288K, committed 304128K, used 267751K [0x00000000e0000000, 0x0000000100000000)
  region size 1024K, 104 young (106496K), 8 survivors (8192K)
}
Event: 819.093 {heap After GC invocations=50 (full 0):
 garbage-first heap   total reserved 524288K, committed 304128K, used 169933K [0x00000000e0000000, 0x0000000100000000)
  region size 1024K, 6 young (6144K), 6 survivors (6144K)
}
Event: 840.636 {heap Before GC invocations=50 (full 0):
 garbage-first heap   total reserved 524288K, committed 304128K, used 276429K [0x00000000e0000000, 0x0000000100000000)
  region size 1024K, 111 young (113664K), 6 survivors (6144K)
}
Event: 840.640 {heap After GC invocations=51 (full 0):
 garbage-first heap   total reserved 524288K, committed 304128K, used 161165K [0x00000000e0000000, 0x0000000100000000)
  region size 1024K, 10 young (10240K), 10 survivors (10240K)
}
Event: 840.659 {heap Before GC invocations=51 (full 0):
 garbage-first heap   total reserved 524288K, committed 304128K, used 163213K [0x00000000e0000000, 0x0000000100000000)
  region size 1024K, 13 young (13312K), 10 survivors (10240K)
}
Event: 840.664 {heap After GC invocations=52 (full 0):
 garbage-first heap   total reserved 524288K, committed 304128K, used 161326K [0x00000000e0000000, 0x0000000100000000)
  region size 1024K, 8 young (8192K), 8 survivors (8192K)
}

